"../../../../../School Stuff/GraphicsDemoDungeonUE/Content/Character/BluePrints/BP_PlayerController.uasset" 0
"../../../../../School Stuff/GraphicsDemoDungeonUE/Content/Character/BluePrints/BP_XBOT_Chara.uasset" 1
"../../../../../School Stuff/GraphicsDemoDungeonUE/Content/Character/X-Bot/BP_VBOT.uasset" 2
"../../../../../School Stuff/GraphicsDemoDungeonUE/Content/Character/X-Bot/BrokenSkeletons/Animations/Idle_PhysicsAsset.uasset" 3
"../../../../../School Stuff/GraphicsDemoDungeonUE/Content/Character/X-Bot/Animations/Idle_PhysicsAsset.uasset" 4
"../../../../../School Stuff/GraphicsDemoDungeonUE/Content/Character/X-Bot/BrokenSkeletons/Animations/Jumping_PhysicsAsset.uasset" 5
"../../../../../School Stuff/GraphicsDemoDungeonUE/Content/Character/X-Bot/BrokenSkeletons/Animations/Jumping_Skeleton.uasset" 6
"../../../../../School Stuff/GraphicsDemoDungeonUE/Content/Character/X-Bot/BrokenSkeletons/Animations/Jumping.uasset" 7
"../../../../../School Stuff/GraphicsDemoDungeonUE/Content/Character/X-Bot/Animations/Jumping.uasset" 8
"../../../Engine/Content/Animation/DefaultAnimBoneCompressionSettings.uasset" 9
"../../../../../School Stuff/GraphicsDemoDungeonUE/Content/Character/X-Bot/BrokenSkeletons/Animations/Jumping_Anim_mixamo_com.uasset" 10
"../../../../../School Stuff/GraphicsDemoDungeonUE/Content/Character/X-Bot/Animations/Jumping_Anim_mixamo_com.uasset" 11
"../../../../../School Stuff/GraphicsDemoDungeonUE/Content/Character/X-Bot/BrokenSkeletons/Animations/Jumping_Anim_Take_001.uasset" 12
"../../../../../School Stuff/GraphicsDemoDungeonUE/Content/Character/X-Bot/Animations/Jumping_Anim_Take_001.uasset" 13
"../../../../../School Stuff/GraphicsDemoDungeonUE/Content/Character/X-Bot/Animations/Jumping_PhysicsAsset.uasset" 14
"../../../../../School Stuff/GraphicsDemoDungeonUE/Content/Character/X-Bot/Animations/Jumping_Skeleton.uasset" 15
"../../../../../School Stuff/GraphicsDemoDungeonUE/Content/Character/X-Bot/MK_XBOT_Joints.uasset" 16
"../../../../../School Stuff/GraphicsDemoDungeonUE/Content/Character/X-Bot/MK_XBOT_Limbs.uasset" 17
"../../../../../School Stuff/GraphicsDemoDungeonUE/Content/Character/X-Bot/BrokenSkeletons/Animations/SK_XBOT_Idle.uasset" 18
"../../../../../School Stuff/GraphicsDemoDungeonUE/Content/Character/X-Bot/Animations/SK_XBOT_Idle.uasset" 19
"../../../../../School Stuff/GraphicsDemoDungeonUE/Content/Character/X-Bot/BrokenSkeletons/Animations/Sneak_Walk.uasset" 20
"../../../../../School Stuff/GraphicsDemoDungeonUE/Content/Character/X-Bot/Animations/Sneak_Walk.uasset" 21
"../../../../../School Stuff/GraphicsDemoDungeonUE/Content/Character/X-Bot/BrokenSkeletons/xbot_Skeleton.uasset" 22
"../../../../../School Stuff/GraphicsDemoDungeonUE/Content/Character/X-Bot/BrokenSkeletons/xbot_Anim_mixamo_com.uasset" 23
"../../../../../School Stuff/GraphicsDemoDungeonUE/Content/Character/X-Bot/BrokenSkeletons/xbot_Anim_Take_001.uasset" 24
"../../../../../School Stuff/GraphicsDemoDungeonUE/Content/Environment/BuildingMaterials/WoodMaterial/plywood-albedo2b.uasset" 25
"../../../../../School Stuff/GraphicsDemoDungeonUE/Content/Environment/BuildingMaterials/WoodMaterial/plywood-ao.uasset" 26
"../../../../../School Stuff/GraphicsDemoDungeonUE/Content/Environment/BuildingMaterials/WoodMaterial/plywood-metalness.uasset" 27
"../../../../../School Stuff/GraphicsDemoDungeonUE/Content/Environment/BuildingMaterials/WoodMaterial/plywood-normal1.uasset" 28
"../../../../../School Stuff/GraphicsDemoDungeonUE/Content/Environment/BuildingMaterials/WoodMaterial/plywood-rough.uasset" 29
"../../../../../School Stuff/GraphicsDemoDungeonUE/Content/Environment/BuildingMaterials/M_WoodFloor.uasset" 30
"../../../Engine/Content/Functions/Engine_MaterialFunctions01/Opacity/CameraDepthFade.uasset" 31
"../../../Engine/Content/EngineMaterials/T_Default_Material_Grid_M.uasset" 32
"../../../Engine/Content/EngineMaterials/T_Default_Material_Grid_N.uasset" 33
"../../../Engine/Content/EngineMaterials/DefaultMaterial.uasset" 34
"../../../Engine/Content/BasicShapes/Cylinder.uasset" 35
"../../../../../School Stuff/GraphicsDemoDungeonUE/Content/Environment/Torch/T_Flame_D.uasset" 36
"../../../../../School Stuff/GraphicsDemoDungeonUE/Content/Environment/Torch/M_Flame.uasset" 37
"../../../../../School Stuff/GraphicsDemoDungeonUE/Content/Environment/Torch/PS_Torch.uasset" 38
"../../../../../School Stuff/GraphicsDemoDungeonUE/Content/Environment/Torch/BP_Torch.uasset" 39
"../../../../../School Stuff/GraphicsDemoDungeonUE/Content/Environment/BP_Torch.uasset" 40
"../../../../../School Stuff/GraphicsDemoDungeonUE/Content/Environment/BuildingMaterials/WallMaterial/stone-block-wall_albedo.uasset" 41
"../../../../../School Stuff/GraphicsDemoDungeonUE/Content/Environment/BuildingMaterials/stone-block-wall_albedo.uasset" 42
"../../../../../School Stuff/GraphicsDemoDungeonUE/Content/Environment/BuildingMaterials/WallMaterial/stone-block-wall_ao.uasset" 43
"../../../../../School Stuff/GraphicsDemoDungeonUE/Content/Environment/BuildingMaterials/stone-block-wall_ao.uasset" 44
"../../../../../School Stuff/GraphicsDemoDungeonUE/Content/Environment/BuildingMaterials/WallMaterial/stone-block-wall_height.uasset" 45
"../../../../../School Stuff/GraphicsDemoDungeonUE/Content/Environment/BuildingMaterials/stone-block-wall_height.uasset" 46
"../../../../../School Stuff/GraphicsDemoDungeonUE/Content/Environment/BuildingMaterials/WallMaterial/stone-block-wall_metallic.uasset" 47
"../../../../../School Stuff/GraphicsDemoDungeonUE/Content/Environment/BuildingMaterials/stone-block-wall_metallic.uasset" 48
"../../../../../School Stuff/GraphicsDemoDungeonUE/Content/Environment/BuildingMaterials/WallMaterial/stone-block-wall_normal-dx.uasset" 49
"../../../../../School Stuff/GraphicsDemoDungeonUE/Content/Environment/BuildingMaterials/stone-block-wall_normal-dx.uasset" 50
"../../../../../School Stuff/GraphicsDemoDungeonUE/Content/Environment/BuildingMaterials/WallMaterial/stone-block-wall_roughness.uasset" 51
"../../../../../School Stuff/GraphicsDemoDungeonUE/Content/Environment/BuildingMaterials/stone-block-wall_roughness.uasset" 52
"../../../../../School Stuff/GraphicsDemoDungeonUE/Content/Environment/BuildingMaterials/FloorMaterial/stonewall-albedo.uasset" 53
"../../../../../School Stuff/GraphicsDemoDungeonUE/Content/Environment/BuildingMaterials/stonewall-albedo.uasset" 54
"../../../../../School Stuff/GraphicsDemoDungeonUE/Content/Environment/BuildingMaterials/FloorMaterial/stonewall-ao.uasset" 55
"../../../../../School Stuff/GraphicsDemoDungeonUE/Content/Environment/BuildingMaterials/stonewall-ao.uasset" 56
"../../../../../School Stuff/GraphicsDemoDungeonUE/Content/Environment/BuildingMaterials/FloorMaterial/stonewall-height2.uasset" 57
"../../../../../School Stuff/GraphicsDemoDungeonUE/Content/Environment/BuildingMaterials/stonewall-height2.uasset" 58
"../../../../../School Stuff/GraphicsDemoDungeonUE/Content/Environment/BuildingMaterials/FloorMaterial/stonewall-metalness.uasset" 59
"../../../../../School Stuff/GraphicsDemoDungeonUE/Content/Environment/BuildingMaterials/stonewall-metalness.uasset" 60
"../../../../../School Stuff/GraphicsDemoDungeonUE/Content/Environment/BuildingMaterials/FloorMaterial/stonewall-normal.uasset" 61
"../../../../../School Stuff/GraphicsDemoDungeonUE/Content/Environment/BuildingMaterials/stonewall-normal.uasset" 62
"../../../../../School Stuff/GraphicsDemoDungeonUE/Content/Environment/BuildingMaterials/FloorMaterial/stonewall-roughness.uasset" 63
"../../../../../School Stuff/GraphicsDemoDungeonUE/Content/Environment/BuildingMaterials/stonewall-roughness.uasset" 64
"../../../../../School Stuff/GraphicsDemoDungeonUE/Content/Environment/Collectible/BP_Collectible.uasset" 65
"../../../../../School Stuff/GraphicsDemoDungeonUE/Content/Environment/Terrain/M_Terrain.uasset" 66
"../../../../../School Stuff/GraphicsDemoDungeonUE/Content/Environment/Terrain/MI_Terrain_Desert.uasset" 67
"../../../Engine/Content/Animation/DefaultAnimCurveCompressionSettings.uasset" 68
"../../../Engine/Content/EngineMaterials/WorldGridMaterial.uasset" 69
"../../../Engine/Content/ArtTools/RenderToTexture/Meshes/S_1_Unit_Plane.uasset" 70
"../../../Engine/Content/BasicShapes/Cone.uasset" 71
"../../../Engine/Content/BasicShapes/Cube.uasset" 72
"../../../Engine/Content/BasicShapes/Plane.uasset" 73
"../../../Engine/Content/BasicShapes/Sphere.uasset" 74
"../../../Engine/Content/EditorLandscapeResources/DataLayer.uasset" 75
"../../../Engine/Content/EditorMaterials/MAT_Groups_Toggle.uasset" 76
"../../../Engine/Content/EditorMaterials/MAT_Groups_Visibility.uasset" 77
"../../../Engine/Content/EditorMaterials/PreviewShadowIndicator.uasset" 78
"../../../Engine/Content/EditorMaterials/PreviewShadowIndicatorMaterial.uasset" 79
"../../../Engine/Content/EditorMaterials/MatineeGroups/MAT_ColorTrack.uasset" 80
"../../../Engine/Content/EditorMaterials/MatineeGroups/MAT_Groups_Anim.uasset" 81
"../../../Engine/Content/EditorMaterials/MatineeGroups/MAT_Groups_AudioMaster.uasset" 82
"../../../Engine/Content/EditorMaterials/MatineeGroups/MAT_Groups_Director.uasset" 83
"../../../Engine/Content/EditorMaterials/MatineeGroups/MAT_Groups_Event.uasset" 84
"../../../Engine/Content/EditorMaterials/MatineeGroups/MAT_Groups_Fade.uasset" 85
"../../../Engine/Content/EditorMaterials/MatineeGroups/MAT_Groups_Float.uasset" 86
"../../../Engine/Content/EditorMaterials/MatineeGroups/MAT_Groups_Move.uasset" 87
"../../../Engine/Content/EditorMaterials/MatineeGroups/MAT_Groups_Slomo.uasset" 88
"../../../Engine/Content/EditorMaterials/MatineeGroups/MAT_Groups_Sound.uasset" 89
"../../../Engine/Content/EditorMaterials/MatineeGroups/MAT_Groups_Vector.uasset" 90
"../../../Engine/Content/EditorMaterials/ParticleSystems/PSysThumbnail_NoImage.uasset" 91
"../../../Engine/Content/EditorMaterials/ParticleSystems/PSysThumbnail_OOD.uasset" 92
"../../../Engine/Content/EditorMaterials/Camera/CineMat.uasset" 93
"../../../Engine/Content/EditorMaterials/Camera/MI_CineMat_Rig.uasset" 94
"../../../Engine/Content/EditorMeshes/Camera/SM_CraneRig_Arm.uasset" 95
"../../../Engine/Content/EditorMeshes/Camera/SM_CraneRig_Base.uasset" 96
"../../../Engine/Content/EditorMeshes/Camera/SM_CraneRig_Body.uasset" 97
"../../../Engine/Content/EditorMeshes/Camera/SM_CraneRig_Mount.uasset" 98
"../../../Engine/Content/EditorMeshes/Camera/SM_RailRig_Mount.uasset" 99
"../../../Engine/Content/EditorMeshes/Camera/SM_RailRig_Track.uasset" 100
"../../../Engine/Content/EditorResources/BSPVertex.uasset" 101
"../../../Engine/Content/EditorResources/EmptyActor.uasset" 102
"../../../Engine/Content/EditorResources/S_Actor.uasset" 103
"../../../Engine/Content/EditorResources/S_Note.uasset" 104
"../../../Engine/Content/EditorResources/S_Solver.uasset" 105
"../../../Engine/Content/EditorResources/S_Trigger.uasset" 106
"../../../Engine/Content/EditorResources/LightIcons/S_LightError.uasset" 107
"../../../Engine/Content/EditorResources/SequenceRecorder/Countdown.uasset" 108
"../../../Engine/Content/EditorResources/SequenceRecorder/RecordingIndicator.uasset" 109
"../../../Engine/Content/EditorSounds/Notifications/CompileFailed.uasset" 110
"../../../Engine/Content/EditorSounds/Notifications/CompileFailed_Cue.uasset" 111
"../../../Engine/Content/EditorSounds/Notifications/CompileSuccess.uasset" 112
"../../../Engine/Content/EditorSounds/Notifications/CompileStart_Cue.uasset" 113
"../../../Engine/Content/EditorSounds/Notifications/CompileSuccess_Cue.uasset" 114
"../../../Engine/Content/EngineDamageTypes/DmgTypeBP_Environmental.uasset" 115
"../../../Engine/Content/EngineDebugMaterials/DebugEditorMaterial.uasset" 116
"../../../Engine/Content/EngineDebugMaterials/DebugMeshMaterial.uasset" 117
"../../../Engine/Content/EngineDebugMaterials/M_SimpleUnlitTranslucent.uasset" 118
"../../../Engine/Content/Functions/Engine_MaterialFunctions02/Utility/CameraDirectionVector.uasset" 119
"../../../Engine/Content/EngineDebugMaterials/VolumeToRender.uasset" 120
"../../../Engine/Content/EngineDebugMaterials/M_VolumeRenderSphereTracePP.uasset" 121
"../../../Engine/Content/EngineDebugMaterials/WireframeMaterial.uasset" 122
"../../../Engine/Content/EngineFonts/Faces/DroidSansFallback.uasset" 123
"../../../Engine/Content/EngineFonts/Faces/RobotoBold.uasset" 124
"../../../Engine/Content/EngineFonts/Faces/RobotoBoldItalic.uasset" 125
"../../../Engine/Content/EngineFonts/Faces/RobotoItalic.uasset" 126
"../../../Engine/Content/EngineFonts/Faces/RobotoLight.uasset" 127
"../../../Engine/Content/EngineFonts/Faces/RobotoRegular.uasset" 128
"../../../Engine/Content/EngineFonts/Roboto.uasset" 129
"../../../Engine/Content/EngineMaterials/BaseFlattenDiffuseMap.uasset" 130
"../../../Engine/Content/EngineMaterials/BaseFlattenEmissiveMap.uasset" 131
"../../../Engine/Content/EngineMaterials/BaseFlattenGrayscaleMap.uasset" 132
"../../../Engine/Content/EngineMaterials/BaseFlattenNormalMap.uasset" 133
"../../../Engine/Content/EngineMaterials/BaseFlattenMaterial.uasset" 134
"../../../Engine/Content/EngineMaterials/BlueNoise.uasset" 135
"../../../Engine/Content/EngineMaterials/DefaultBloomKernel.uasset" 136
"../../../Engine/Content/EngineMaterials/DefaultBokeh.uasset" 137
"../../../Engine/Content/EngineMaterials/DefaultDiffuse.uasset" 138
"../../../Engine/Content/EngineMaterials/DefaultDeferredDecalMaterial.uasset" 139
"../../../Engine/Content/EngineMaterials/DefaultLightFunctionMaterial.uasset" 140
"../../../Engine/Content/Functions/Engine_MaterialFunctions02/Utility/BreakOutFloat2Components.uasset" 141
"../../../Engine/Content/EngineMaterials/DefaultPostProcessMaterial.uasset" 142
"../../../Engine/Content/EngineFonts/RobotoDistanceField.uasset" 143
"../../../Engine/Content/EngineMaterials/DefaultTextMaterialOpaque.uasset" 144
"../../../Engine/Content/EngineMaterials/DefaultWhiteGrid.uasset" 145
"../../../Engine/Content/EngineMaterials/DefaultWhiteGrid_Low.uasset" 146
"../../../Engine/Content/EngineMaterials/EmissiveMeshMaterial.uasset" 147
"../../../Engine/Content/EngineMaterials/GizmoMaterial.uasset" 148
"../../../Engine/Content/EngineMaterials/Good64x64TilingNoiseHighFreq.uasset" 149
"../../../Engine/Content/EngineMaterials/MiniFont.uasset" 150
"../../../Engine/Content/EngineMaterials/InvalidLightmapSettings.uasset" 151
"../../../Engine/Content/EngineMaterials/M_InvalidLightmapSettings.uasset" 152
"../../../Engine/Content/Functions/Engine_MaterialFunctions02/WorldPositionOffset/CameraOffset.uasset" 153
"../../../Engine/Content/EngineMaterials/PhAT_JointLimitMaterial.uasset" 154
"../../../Engine/Content/EngineMaterials/PreintegratedSkinBRDF.uasset" 155
"../../../Engine/Content/EngineMaterials/RemoveSurfaceMaterial.uasset" 156
"../../../Engine/Content/EngineMaterials/WeightMapPlaceholderTexture.uasset" 157
"../../../Engine/Content/EngineResources/WhiteSquareTexture.uasset" 158
"../../../Engine/Content/EngineMaterials/Widget3DPassThrough.uasset" 159
"../../../Engine/Content/EngineMaterials/Widget3DPassThrough_Masked.uasset" 160
"../../../Engine/Content/EngineMaterials/Widget3DPassThrough_Opaque.uasset" 161
"../../../Engine/Content/EngineMaterials/Widget3DPassThrough_Masked_OneSided.uasset" 162
"../../../Engine/Content/EngineMaterials/Widget3DPassThrough_Opaque_OneSided.uasset" 163
"../../../Engine/Content/EngineMaterials/Widget3DPassThrough_Translucent.uasset" 164
"../../../Engine/Content/EngineMaterials/Widget3DPassThrough_Translucent_OneSided.uasset" 165
"../../../Engine/Content/EngineMeshes/Cylinder.uasset" 166
"../../../Engine/Content/EngineMeshes/Sphere.uasset" 167
"../../../Engine/Content/EngineResources/Black.uasset" 168
"../../../Engine/Content/EngineResources/DefaultTexture.uasset" 169
"../../../Engine/Content/EngineResources/DefaultTextureCube.uasset" 170
"../../../Engine/Content/EngineResources/DefaultVolumeTexture2D.uasset" 171
"../../../Engine/Content/EngineResources/DefaultVolumeTexture.uasset" 172
"../../../Engine/Content/EngineResources/GradientTexture0.uasset" 173
"../../../Engine/Content/EngineSounds/Master.uasset" 174
"../../../Engine/Content/Functions/Engine_MaterialFunctions01/Shading/ConvertFromDiffSpec.uasset" 175
"../../../Engine/Content/Functions/Engine_MaterialFunctions01/Shading/PowerToRoughness.uasset" 176
"../../../Engine/Content/Maps/Templates/Thumbnails/Default.uasset" 177
"../../../Engine/Content/Maps/Templates/Thumbnails/TimeOfDay.uasset" 178
"../../../Engine/Content/Maps/Templates/Thumbnails/VR-Basic.uasset" 179
"../../../Engine/Content/MobileResources/T_MobileControls_texture.uasset" 180
"../../../Engine/Content/MobileResources/T_MobileMenu2.uasset" 181
"../../../Engine/Content/MobileResources/HUD/AnalogHat.uasset" 182
"../../../Engine/Content/MobileResources/HUD/VirtualJoystick_Background.uasset" 183
"../../../Engine/Content/MobileResources/HUD/VirtualJoystick_Thumb.uasset" 184
"../../../Engine/Content/MobileResources/HUD/DefaultVirtualJoysticks.uasset" 185
"../../../Engine/Content/MobileResources/HUD/LeftVirtualJoystickOnly.uasset" 186
"../../../Engine/Content/MobileResources/HUD/MobileHUDButton1_off.uasset" 187
"../../../Engine/Content/MobileResources/HUD/MobileHUDButton1_on.uasset" 188
"../../../Engine/Content/MobileResources/HUD/MobileHUDButton2_off.uasset" 189
"../../../Engine/Content/MobileResources/HUD/MobileHUDButton2_on.uasset" 190
"../../../Engine/Content/MobileResources/HUD/MobileHUDButton3.uasset" 191
"../../../Engine/Content/MobileResources/HUD/MobileHUDButtonFire.uasset" 192
"../../../Engine/Content/MobileResources/HUD/MobileHUDDirectionPad.uasset" 193
"../../../Engine/Content/MobileResources/HUD/MobileHUDDirectionPad2.uasset" 194
"../../../Engine/Content/MobileResources/HUD/MobileHUDDirectionPad3.uasset" 195
"../../../Engine/Content/MobileResources/HUD/MobileHUDDirectionStick.uasset" 196
"../../../Engine/Content/MobileResources/HUD/T_Castle_ThumbstickInner.uasset" 197
"../../../Engine/Content/MobileResources/HUD/T_Castle_ThumbstickOutter.uasset" 198
"../../../Engine/Content/Tutorial/ContentIntroCurve.uasset" 199
"../../../Engine/Content/Tutorial/Basics/LevelEditorAttract.uasset" 200
"../../../Engine/Content/Tutorial/Basics/TutorialAssets/icon_tab_Levels_40x.uasset" 201
"../../../Engine/Content/Tutorial/Basics/LevelEditorOverview.uasset" 202
"../../../Engine/Content/Tutorial/BlueprintTutorials/TutorialAssets/Blueprint_64x.uasset" 203
"../../../Engine/Content/Tutorial/BlueprintTutorials/BlueprintEditorTutorial.uasset" 204
"../../../Engine/Content/VREditor/LaserPointer/VR_LaserPower_01.uasset" 205
"../../../Engine/Content/VREditor/TransformGizmo/TransformGizmoMaterial.uasset" 206
"../../../Engine/Content/VREditor/TransformGizmo/TranslucentTransformGizmoMaterial.uasset" 207
"../../../Engine/Content/VREditor/TransformGizmo/BoundingBoxCorner.uasset" 208
"../../../Engine/Content/VREditor/TransformGizmo/BoundingBoxEdge.uasset" 209
"../../../Engine/Content/VREditor/TransformGizmo/PlaneTranslationHandle.uasset" 210
"../../../Engine/Content/VREditor/TransformGizmo/Main.uasset" 211
"../../../Engine/Content/VREditor/TransformGizmo/Xray.uasset" 212
"../../../Engine/Content/VREditor/TransformGizmo/SM_Sequencer_Key.uasset" 213
"../../../Engine/Content/VREditor/TransformGizmo/SM_Sequencer_Node.uasset" 214
"../../Plugins/2D/Paper2D/Content/PlaceholderTextures/DummySpriteTexture.uasset" 215
"../../Plugins/2D/Paper2D/Content/DummySprite.uasset" 216
"../../Plugins/2D/Paper2D/Content/DefaultPaperTerrainMaterial.uasset" 217
"../../Plugins/2D/Paper2D/Content/DefaultSpriteMaterial.uasset" 218
"../../Plugins/2D/Paper2D/Content/MaskedUnlitSpriteMaterial.uasset" 219
"../../Plugins/2D/Paper2D/Content/OpaqueUnlitSpriteMaterial.uasset" 220
"../../Plugins/FX/Niagara/Content/Enums/ENiagaraBooleanLogicOps.uasset" 221
"../../Plugins/FX/Niagara/Content/Enums/ENiagaraCoordinateSpace.uasset" 222
"../../Plugins/FX/Niagara/Content/Enums/ENiagaraExpansionMode.uasset" 223
"../../Plugins/FX/Niagara/Content/Enums/ENiagaraOrientationAxis.uasset" 224
"../../Plugins/FX/Niagara/Content/Enums/ENiagaraRandomnessMode.uasset" 225
"../../../Engine/Content/Functions/Engine_MaterialFunctions02/Utility/BreakOutFloat4Components.uasset" 226
"../../../Engine/Content/Functions/Engine_MaterialFunctions02/Utility/MakeFloat2.uasset" 227
"../../../Engine/Content/Functions/Engine_MaterialFunctions02/Utility/MakeFloat3.uasset" 228
"../../Plugins/Runtime/Oculus/OculusVR/Content/Materials/OculusMR_ChromaKey.uasset" 229
"../../Plugins/Runtime/Oculus/OculusVR/Content/Materials/OculusMR_ChromaKey_Lit.uasset" 230
"../../Plugins/Runtime/Oculus/OculusVR/Content/Materials/OculusMR_OpaqueColoredMaterial.uasset" 231
"../../Plugins/Runtime/Oculus/OculusVR/Content/Materials/OculusMR_WhiteMaterial.uasset" 232
"../../../../../School Stuff/GraphicsDemoDungeonUE/Content/Character/Animations/Idle__1_.uasset" 233
"../../../../../School Stuff/GraphicsDemoDungeonUE/Content/Character/Animations/Ymca_Dance.uasset" 234
"../../../../../School Stuff/GraphicsDemoDungeonUE/Content/Character/BluePrints/BP_DanceAnimation.uasset" 235
"../../../../../School Stuff/GraphicsDemoDungeonUE/Content/Character/X-Bot/BrokenSkeletons/Beta_HighLimbsGeoSG2.uasset" 236
"../../../../../School Stuff/GraphicsDemoDungeonUE/Content/Character/X-Bot/BrokenSkeletons/Beta_Joints_MAT.uasset" 237
"../../../../../School Stuff/GraphicsDemoDungeonUE/Content/Character/X-Bot/BrokenSkeletons/xbot_PhysicsAsset.uasset" 238
"../../../../../School Stuff/GraphicsDemoDungeonUE/Content/Character/X-Bot/BrokenSkeletons/xbot.uasset" 239
"../../../../../School Stuff/GraphicsDemoDungeonUE/Content/Character/BluePrints/BP_Character1.uasset" 240
"../../../../../School Stuff/GraphicsDemoDungeonUE/Content/Worlds/GM_Adventure2.uasset" 241
"../../../../../School Stuff/GraphicsDemoDungeonUE/Content/Worlds/DemoDungeon_BuiltData.uasset" 242
"../../../../../School Stuff/GraphicsDemoDungeonUE/Content/Environment/BuildingMaterials/M_Floor.uasset" 243
"../../../../../School Stuff/GraphicsDemoDungeonUE/Content/Environment/BuildingMaterials/GoldMaterial/gold-scuffed_basecolor.uasset" 244
"../../../../../School Stuff/GraphicsDemoDungeonUE/Content/Environment/BuildingMaterials/GoldMaterial/gold-scuffed_basecolor-boosted.uasset" 245
"../../../../../School Stuff/GraphicsDemoDungeonUE/Content/Environment/BuildingMaterials/GoldMaterial/gold-scuffed_metallic.uasset" 246
"../../../../../School Stuff/GraphicsDemoDungeonUE/Content/Environment/BuildingMaterials/GoldMaterial/gold-scuffed_normal.uasset" 247
"../../../../../School Stuff/GraphicsDemoDungeonUE/Content/Environment/BuildingMaterials/GoldMaterial/gold-scuffed_roughness.uasset" 248
"../../../../../School Stuff/GraphicsDemoDungeonUE/Content/Environment/BuildingMaterials/M_Gold.uasset" 249
"../../../../../School Stuff/GraphicsDemoDungeonUE/Content/Environment/BuildingMaterials/M_Ruby.uasset" 250
"../../../../../School Stuff/GraphicsDemoDungeonUE/Content/Environment/BuildingMaterials/M_Wall.uasset" 251
"../../../../../School Stuff/GraphicsDemoDungeonUE/Content/Environment/Terrain/M_SurfaceWater.uasset" 252
"../../../../../School Stuff/GraphicsDemoDungeonUE/Content/Environment/Terrain/M_Water.uasset" 253
"../../../Engine/Content/EngineMaterials/DefaultPhysicalMaterial.uasset" 254
"../../../../../School Stuff/GraphicsDemoDungeonUE/Content/Worlds/UI_GameStates.uasset" 255
"../../../../../School Stuff/GraphicsDemoDungeonUE/Content/Worlds/DemoDungeon.umap" 256
"../../../Engine/Content/Maps/Entry_BuiltData.uasset" 257
"../../../Engine/Content/Maps/Entry.umap" 258
